<?xml version="1.0" encoding="UTF-8"?>
<!-- Generated by org.testng.reporters.JUnitReportReporter -->
<testsuite hostname="HP-15" failures="0" tests="2" name="automation.test.TestCart" time="156.813" errors="0" timestamp="2021-09-29T22:25:55 NZDT" skipped="0">
  <testcase classname="automation.test.TestCart" name="testShoppingCart" time="84.507"/>
  <system-out/>
  <testcase classname="automation.test.TestCart" name="testShoppingCart" time="72.306"/>
  <system-out/>
</testsuite> <!-- automation.test.TestCart -->
