<?xml version="1.0" encoding="UTF-8"?>
<!-- Generated by org.testng.reporters.JUnitReportReporter -->
<testsuite hostname="HP-15" failures="0" tests="2" name="automation.test.TestCart" time="128.132" errors="0" timestamp="2021-09-29T20:09:23 NZDT" skipped="0">
  <testcase classname="automation.test.TestCart" name="testShoppingCart" time="58.364"/>
  <system-out/>
  <testcase classname="automation.test.TestCart" name="testShoppingCart" time="69.768"/>
  <system-out/>
</testsuite> <!-- automation.test.TestCart -->
