<?xml version="1.0" encoding="UTF-8"?>
<!-- Generated by org.testng.reporters.JUnitReportReporter -->
<testsuite hostname="HP-15" failures="0" tests="1" name="automation.mainTest" time="0.003" errors="0" timestamp="2021-09-29T16:25:49 NZDT" skipped="0">
  <testcase classname="automation.mainTest" name="helloJar" time="0.003"/>
  <system-out/>
</testsuite> <!-- automation.mainTest -->
