<?xml version="1.0" encoding="UTF-8"?>
<!-- Generated by org.testng.reporters.JUnitReportReporter -->
<testsuite hostname="HP-15" failures="0" tests="2" name="Integration.test.TestCart" time="130.343" errors="0" timestamp="2021-09-29T18:16:41 NZDT" skipped="0">
  <testcase classname="Integration.test.TestCart" name="testShoppingCart" time="69.573"/>
  <system-out/>
  <testcase classname="Integration.test.TestCart" name="testShoppingCart" time="60.770"/>
  <system-out/>
</testsuite> <!-- Integration.test.TestCart -->
